<?xml version="1.0" encoding="UTF-8"?>
<testsuite name="testClean.ToDoTest" tests="2" skipped="0" failures="0" errors="0" timestamp="2020-09-27T00:22:06" hostname="RABBIT-PC" time="77.822">
  <properties/>
  <testcase name="addNoteTest" classname="testClean.ToDoTest" time="34.923"/>
  <testcase name="deleteOneTaskDoneFromTwoTest" classname="testClean.ToDoTest" time="42.899"/>
  <system-out><![CDATA[]]></system-out>
  <system-err><![CDATA[sep 26, 2020 8:22:33 PM io.appium.java_client.remote.AppiumCommandExecutor$1 lambda$0
INFORMACIÓN: Detected dialect: W3C
sep 26, 2020 8:23:07 PM io.appium.java_client.remote.AppiumCommandExecutor$1 lambda$0
INFORMACIÓN: Detected dialect: W3C
]]></system-err>
</testsuite>
